<?xml version="1.0" encoding="UTF-8"?>
<!-- Generated by org.testng.reporters.JUnitReportReporter -->
<testsuite hostname="SOUMI-PC" name="Calculator_Package.Test_Percentage1" tests="1" failures="0" timestamp="28 Jun 2015 06:30:01 GMT" time="9.790" errors="0">
  <testcase name="excelDataRead" time="9.790" classname="Calculator_Package.Test_Percentage1"/>
</testsuite> <!-- Calculator_Package.Test_Percentage1 -->
